<?xml version="1.0" encoding="UTF-8"?>
<!-- Generated by org.testng.reporters.JUnitReportReporter -->
<testsuite hostname="DESKTOP-D1QSOC2" failures="0" tests="10" name="co.capstone.runner.Runner" time="78.857" errors="0" timestamp="2022-06-22T15:54:53 IST" skipped="0">
  <testcase classname="co.capstone.runner.Runner" name="featue" time="6.784"/>
  <system-out/>
  <testcase classname="co.capstone.runner.Runner" name="featue" time="6.713"/>
  <system-out/>
  <testcase classname="co.capstone.runner.Runner" name="featue" time="11.285"/>
  <system-out/>
  <testcase classname="co.capstone.runner.Runner" name="featue" time="5.627"/>
  <system-out/>
  <testcase classname="co.capstone.runner.Runner" name="featue" time="6.764"/>
  <system-out/>
  <testcase classname="co.capstone.runner.Runner" name="featue" time="11.583"/>
  <system-out/>
  <testcase classname="co.capstone.runner.Runner" name="featue" time="6.483"/>
  <system-out/>
  <testcase classname="co.capstone.runner.Runner" name="featue" time="10.799"/>
  <system-out/>
  <testcase classname="co.capstone.runner.Runner" name="featue" time="7.145"/>
  <system-out/>
  <testcase classname="co.capstone.runner.Runner" name="featue" time="5.674"/>
  <system-out/>
</testsuite> <!-- co.capstone.runner.Runner -->
